[08:42:49] [EnvServerSocketHandler/INFO]: [STDOUT]: Received from localhost:<MissionInit xmlns="http://ProjectMalmo.microsoft.com" xmlns:xsi="http://www.w3.org/2001/XMLSchema-instance" SchemaVersion="" PlatformVersion="0.37.0">
                                <Mission>
    <About>
        <Summary>MineRLObtainDiamond-v0</Summary>
    </About>

    <ModSettings>
        <MsPerTick>50</MsPerTick>
    </ModSettings>

    <ServerSection>
        <ServerInitialConditions>
            <Time>
                <StartTime>6000</StartTime>
            </Time>
            <AllowSpawning>true</AllowSpawning>
        </ServerInitialConditions>
        <ServerHandlers>
            <DefaultWorldGenerator forceReset="true"/>
            <ServerQuitFromTimeUp timeLimitMs="900000" description="out_of_time"/>
            <ServerQuitWhenAnyAgentFinishes/>
        </ServerHandlers>
    </ServerSection>

    <AgentSection mode="Survival">
        <Name>MalmoTutorialBot</Name>
        <AgentStart/>
        <AgentHandlers>
            <!--  Observations     -->
            <VideoProducer want_depth="false">

[08:42:50] [EnvServerSocketHandler/INFO]: [STDOUT]: REPLYING WITH: MALMOOK
[08:42:50] [Client thread/INFO]: [STDOUT]: Mission received: MineRLObtainDiamond-v0
[08:42:50] [Client thread/INFO]: [STDOUT]: CLIENT request state: CREATING_HANDLERS
[08:42:50] [Client thread/INFO]: [STDOUT]: CLIENT enter state: CREATING_HANDLERS
[08:42:50] [Client thread/INFO]: [STDOUT]: Starting command server.
[08:42:50] [Thread-15/INFO]: [STDOUT]: INFO: ->com(0) Listening for messages on port 10651
[08:43:05] [Client thread/WARN]: Couldn't look up profile properties for com.mojang.authlib.GameProfile@7cf90c7f[id=aba0b364-d94f-3398-8c65-0c1c537c40ee,name=MalmoTutorialBot,properties={},legacy=false]
com.mojang.authlib.exceptions.AuthenticationUnavailableException: Cannot contact authentication server
	at com.mojang.authlib.yggdrasil.YggdrasilAuthenticationService.makeRequest(YggdrasilAuthenticationService.java:85) ~[YggdrasilAuthenticationService.class:?]
	at com.mojang.authlib.yggdrasil.YggdrasilMinecraftSessionService.fillGameProfile(YggdrasilMinecraftSessionService.java:180) [YggdrasilMinecraftSessionService.class:?]
	at com.mojang.authlib.yggdrasil.YggdrasilMinecraftSessionService$1.load(YggdrasilMinecraftSessionService.java:60) [YggdrasilMinecraftSessionService$1.class:?]
	at com.mojang.authlib.yggdrasil.YggdrasilMinecraftSessionService$1.load(YggdrasilMinecraftSessionService.java:57) [YggdrasilMinecraftSessionService$1.class:?]
	at com.google.common.cache.LocalCache$LoadingValueReference.loadFuture(LocalCache.java:3524) [guava-17.0.jar:?]
	at com.google.common.cache.LocalCache$Segment.loadSync(LocalCache.java:2317) [guava-17.0.jar:?]
	at com.google.common.cache.LocalCache$Segment.lockedGetOrLoad(LocalCache.java:2280) [guava-17.0.jar:?]
	at com.google.common.cache.LocalCache$Segment.get(LocalCache.java:2195) [guava-17.0.jar:?]
	at com.google.common.cache.LocalCache.get(LocalCache.java:3934) [guava-17.0.jar:?]
	at com.google.common.cache.LocalCache.getOrLoad(LocalCache.java:3938) [guava-17.0.jar:?]
	at com.google.common.cache.LocalCache$LocalLoadingCache.get(LocalCache.java:4821) [guava-17.0.jar:?]
	at com.google.common.cache.LocalCache$LocalLoadingCache.getUnchecked(LocalCache.java:4827) [guava-17.0.jar:?]
	at com.mojang.authlib.yggdrasil.YggdrasilMinecraftSessionService.fillProfileProperties(YggdrasilMinecraftSessionService.java:170) [YggdrasilMinecraftSessionService.class:?]
	at net.minecraft.client.Minecraft.getProfileProperties(Minecraft.java:2903) [Minecraft.class:?]
	at com.microsoft.Malmo.Client.ClientStateMachine$CreateHandlersEpisode.execute(ClientStateMachine.java:997) [ClientStateMachine$CreateHandlersEpisode.class:?]
	at com.microsoft.Malmo.StateEpisode.start(StateEpisode.java:55) [StateEpisode.class:?]
	at com.microsoft.Malmo.StateMachine.onStateChange(StateMachine.java:190) [StateMachine.class:?]
	at com.microsoft.Malmo.StateMachine.setState(StateMachine.java:106) [StateMachine.class:?]
	at com.microsoft.Malmo.StateMachine.updateState(StateMachine.java:163) [StateMachine.class:?]
	at com.microsoft.Malmo.Client.ClientStateMachine.onClientTick(ClientStateMachine.java:240) [ClientStateMachine.class:?]
	at net.minecraftforge.fml.common.eventhandler.ASMEventHandler_20_ClientStateMachine_onClientTick_ClientTickEvent.invoke(.dynamic) [?:?]
	at net.minecraftforge.fml.common.eventhandler.ASMEventHandler.invoke(ASMEventHandler.java:90) [ASMEventHandler.class:?]
	at net.minecraftforge.fml.common.eventhandler.EventBus.post(EventBus.java:185) [EventBus.class:?]
	at net.minecraftforge.fml.common.FMLCommonHandler.onPreClientTick(FMLCommonHandler.java:342) [FMLCommonHandler.class:?]
	at net.minecraft.client.Minecraft.runTick(Minecraft.java:1645) [Minecraft.class:?]
	at net.minecraft.client.Minecraft.runGameLoop(Minecraft.java:3335) [Minecraft.class:?]
	at net.minecraft.client.Minecraft.run(Minecraft.java:372) [Minecraft.class:?]
	at net.minecraft.client.main.Main.main(SourceFile:124) [Main.class:?]
	at sun.reflect.NativeMethodAccessorImpl.invoke0(Native Method) ~[?:1.8.0_212]
	at sun.reflect.NativeMethodAccessorImpl.invoke(NativeMethodAccessorImpl.java:62) ~[?:1.8.0_212]
	at sun.reflect.DelegatingMethodAccessorImpl.invoke(DelegatingMethodAccessorImpl.java:43) ~[?:1.8.0_212]
	at java.lang.reflect.Method.invoke(Method.java:498) ~[?:1.8.0_212]
	at net.minecraft.launchwrapper.Launch.launch(Launch.java:135) [launchwrapper-1.12.jar:?]
	at net.minecraft.launchwrapper.Launch.main(Launch.java:28) [launchwrapper-1.12.jar:?]
	at sun.reflect.NativeMethodAccessorImpl.invoke0(Native Method) ~[?:1.8.0_212]
	at sun.reflect.NativeMethodAccessorImpl.invoke(NativeMethodAccessorImpl.java:62) ~[?:1.8.0_212]
	at sun.reflect.DelegatingMethodAccessorImpl.invoke(DelegatingMethodAccessorImpl.java:43) ~[?:1.8.0_212]
	at java.lang.reflect.Method.invoke(Method.java:498) ~[?:1.8.0_212]
	at net.minecraftforge.gradle.GradleStartCommon.launch(GradleStartCommon.java:97) [start/:?]
	at GradleStart.main(GradleStart.java:26) [start/:?]
Caused by: java.net.SocketTimeoutException: connect timed out
	at java.net.PlainSocketImpl.socketConnect(Native Method) ~[?:1.8.0_212]
	at java.net.AbstractPlainSocketImpl.doConnect(AbstractPlainSocketImpl.java:350) ~[?:1.8.0_212]
	at java.net.AbstractPlainSocketImpl.connectToAddress(AbstractPlainSocketImpl.java:206) ~[?:1.8.0_212]
	at java.net.AbstractPlainSocketImpl.connect(AbstractPlainSocketImpl.java:188) ~[?:1.8.0_212]
	at java.net.SocksSocketImpl.connect(SocksSocketImpl.java:392) ~[?:1.8.0_212]
	at java.net.Socket.connect(Socket.java:589) ~[?:1.8.0_212]
	at sun.security.ssl.SSLSocketImpl.connect(SSLSocketImpl.java:666) ~[?:1.8.0_212]
	at sun.net.NetworkClient.doConnect(NetworkClient.java:175) ~[?:1.8.0_212]
	at sun.net.www.http.HttpClient.openServer(HttpClient.java:463) ~[?:1.8.0_212]
	at sun.net.www.http.HttpClient.openServer(HttpClient.java:558) ~[?:1.8.0_212]
	at sun.net.www.protocol.https.HttpsClient.<init>(HttpsClient.java:264) ~[?:1.8.0_212]
	at sun.net.www.protocol.https.HttpsClient.New(HttpsClient.java:367) ~[?:1.8.0_212]
	at sun.net.www.protocol.https.AbstractDelegateHttpsURLConnection.getNewHttpClient(AbstractDelegateHttpsURLConnection.java:191) ~[?:1.8.0_212]
	at sun.net.www.protocol.http.HttpURLConnection.plainConnect0(HttpURLConnection.java:1199) ~[?:1.8.0_212]
	at sun.net.www.protocol.http.HttpURLConnection$6.run(HttpURLConnection.java:1040) ~[?:1.8.0_212]
	at sun.net.www.protocol.http.HttpURLConnection$6.run(HttpURLConnection.java:1038) ~[?:1.8.0_212]
	at java.security.AccessController.doPrivileged(Native Method) ~[?:1.8.0_212]
	at java.security.AccessController.doPrivilegedWithCombiner(AccessController.java:782) ~[?:1.8.0_212]
	at sun.net.www.protocol.http.HttpURLConnection.plainConnect(HttpURLConnection.java:1037) ~[?:1.8.0_212]
	at sun.net.www.protocol.https.AbstractDelegateHttpsURLConnection.connect(AbstractDelegateHttpsURLConnection.java:177) ~[?:1.8.0_212]
	at sun.net.www.protocol.http.HttpURLConnection.getInputStream0(HttpURLConnection.java:1564) ~[?:1.8.0_212]
	at sun.net.www.protocol.http.HttpURLConnection.access$200(HttpURLConnection.java:91) ~[?:1.8.0_212]
	at sun.net.www.protocol.http.HttpURLConnection$9.run(HttpURLConnection.java:1484) ~[?:1.8.0_212]
	at sun.net.www.protocol.http.HttpURLConnection$9.run(HttpURLConnection.java:1482) ~[?:1.8.0_212]
	at java.security.AccessController.doPrivileged(Native Method) ~[?:1.8.0_212]
	at java.security.AccessController.doPrivilegedWithCombiner(AccessController.java:782) ~[?:1.8.0_212]
	at sun.net.www.protocol.http.HttpURLConnection.getInputStream(HttpURLConnection.java:1481) ~[?:1.8.0_212]
	at sun.net.www.protocol.https.HttpsURLConnectionImpl.getInputStream(HttpsURLConnectionImpl.java:263) ~[?:1.8.0_212]
	at com.mojang.authlib.HttpAuthenticationService.performGetRequest(HttpAuthenticationService.java:130) ~[HttpAuthenticationService.class:?]
	at com.mojang.authlib.yggdrasil.YggdrasilAuthenticationService.makeRequest(YggdrasilAuthenticationService.java:66) ~[YggdrasilAuthenticationService.class:?]
	... 39 more
[08:43:05] [Client thread/INFO]: [STDOUT]: CLIENT request state: EVALUATING_WORLD_REQUIREMENTS
[08:43:05] [Client thread/INFO]: [STDOUT]: CLIENT enter state: EVALUATING_WORLD_REQUIREMENTS
[08:43:05] [Client thread/INFO]: [STDOUT]: CLIENT request state: CREATING_NEW_WORLD
[08:43:05] [Client thread/INFO]: [STDOUT]: CLIENT enter state: CREATING_NEW_WORLD
[08:43:07] [Server thread/INFO]: Starting integrated minecraft server version 1.11.2
[08:43:07] [Server thread/INFO]: Generating keypair
[08:43:07] [Server thread/INFO]: Injecting existing block and item data into this server instance
[08:43:07] [Server thread/INFO]: Applying holder lookups
[08:43:07] [Server thread/INFO]: Holder lookups applied
[08:43:07] [Server thread/INFO]: Loading dimension 0 (TEMP_0_b15e03e0-7928-448a-baf0-917eb9717ad5) (net.minecraft.server.integrated.IntegratedServer@cad3641)
[08:43:08] [Server thread/INFO]: Loading dimension 1 (TEMP_0_b15e03e0-7928-448a-baf0-917eb9717ad5) (net.minecraft.server.integrated.IntegratedServer@cad3641)
[08:43:08] [Server thread/INFO]: Loading dimension -1 (TEMP_0_b15e03e0-7928-448a-baf0-917eb9717ad5) (net.minecraft.server.integrated.IntegratedServer@cad3641)
[08:43:08] [Server thread/INFO]: Preparing start region for level 0
[08:43:09] [Server thread/INFO]: Preparing spawn area: 6%
[08:43:10] [Server thread/INFO]: Preparing spawn area: 14%
[08:43:11] [Server thread/INFO]: Preparing spawn area: 19%
[08:43:12] [Server thread/INFO]: Preparing spawn area: 24%
[08:43:13] [Server thread/INFO]: Preparing spawn area: 30%
[08:43:14] [Server thread/INFO]: Preparing spawn area: 38%
[08:43:15] [Server thread/INFO]: Preparing spawn area: 48%
[08:43:16] [Server thread/INFO]: Preparing spawn area: 60%
[08:43:17] [Server thread/INFO]: Preparing spawn area: 72%
[08:43:18] [Server thread/INFO]: Preparing spawn area: 85%
[08:43:19] [Server thread/INFO]: Preparing spawn area: 99%
[08:43:19] [Server thread/INFO]: Changing view distance to 4, from 10
